<?xml version="1.0" encoding="utf-8"?><testsuites name="pytest tests"><testsuite name="pytest" errors="0" failures="0" skipped="0" tests="14" time="3.050" timestamp="2026-02-02T14:17:19.222540+00:00" hostname="agent-env-9ae53b97-195f-4fdb-8a9d-425da21084b3"><testcase classname="tests.test_auth_persistence.TestHealthCheck" name="test_health_endpoint_returns_200" time="0.076" /><testcase classname="tests.test_auth_persistence.TestAuthLogin" name="test_login_returns_token_and_user" time="0.271" /><testcase classname="tests.test_auth_persistence.TestAuthLogin" name="test_login_invalid_credentials_returns_401" time="0.045" /><testcase classname="tests.test_auth_persistence.TestAuthMe" name="test_auth_me_with_valid_token" time="0.311" /><testcase classname="tests.test_auth_persistence.TestAuthMe" name="test_auth_me_without_token_returns_401" time="0.037" /><testcase classname="tests.test_auth_persistence.TestAuthMe" name="test_auth_me_with_invalid_token_returns_401" time="0.034" /><testcase classname="tests.test_auth_persistence.TestEmailCenterIMAP" name="test_imap_missing_fields_returns_400" time="0.342" /><testcase classname="tests.test_auth_persistence.TestEmailCenterIMAP" name="test_gmail_init_returns_imap_instructions" time="0.298" /><testcase classname="tests.test_auth_persistence.TestEmailCenterIMAP" name="test_outlook_init_returns_imap_instructions" time="0.304" /><testcase classname="tests.test_auth_persistence.TestAutoApplyHandlers" name="test_auto_apply_settings_endpoint" time="0.308" /><testcase classname="tests.test_auth_persistence.TestAutoApplyHandlers" name="test_auto_apply_status_endpoint" time="0.302" /><testcase classname="tests.test_auth_persistence.TestAutoApplyHandlers" name="test_auto_apply_history_endpoint" time="0.305" /><testcase classname="tests.test_auth_persistence.TestResumesEndpoint" name="test_resumes_with_valid_token" time="0.307" /><testcase classname="tests.test_auth_persistence.TestResumesEndpoint" name="test_resumes_without_token_returns_401" time="0.042" /></testsuite></testsuites>