<?xml version="1.0" encoding="utf-8"?><testsuites name="pytest tests"><testsuite name="pytest" errors="0" failures="0" skipped="0" tests="14" time="4.905" timestamp="2026-01-26T16:17:46.325412+00:00" hostname="agent-env-b9d0b250-e109-40bd-909b-2435a6d67b94"><testcase classname="backend.tests.test_auto_apply.TestAutoApplyEndpoints" name="test_health_check" time="0.324" /><testcase classname="backend.tests.test_auto_apply.TestAutoApplyEndpoints" name="test_get_auto_apply_settings" time="0.277" /><testcase classname="backend.tests.test_auto_apply.TestAutoApplyEndpoints" name="test_get_auto_apply_status" time="0.280" /><testcase classname="backend.tests.test_auto_apply.TestAutoApplyEndpoints" name="test_get_application_history" time="0.292" /><testcase classname="backend.tests.test_auto_apply.TestAutoApplyEndpoints" name="test_get_submission_logs" time="0.275" /><testcase classname="backend.tests.test_auto_apply.TestAutoApplyEndpoints" name="test_get_activity_log" time="0.275" /><testcase classname="backend.tests.test_auto_apply.TestAutoApplyEndpoints" name="test_update_auto_apply_settings" time="0.337" /><testcase classname="backend.tests.test_auto_apply.TestAutoApplyEndpoints" name="test_application_not_found" time="0.300" /><testcase classname="backend.tests.test_auto_apply.TestApplicationSubmission" name="test_find_ready_to_apply_application" time="0.280" /><testcase classname="backend.tests.test_auto_apply.TestApplicationSubmission" name="test_verify_screenshots_saved" time="0.274" /><testcase classname="backend.tests.test_auto_apply.TestApplicationSubmission" name="test_verify_submission_result_structure" time="0.277" /><testcase classname="backend.tests.test_auto_apply.TestLiveJobsSearch" name="test_search_jobs_react" time="0.663" /><testcase classname="backend.tests.test_auto_apply.TestLiveJobsSearch" name="test_search_jobs_python" time="0.626" /><testcase classname="backend.tests.test_auto_apply.TestLiveJobsSearch" name="test_get_job_recommendations" time="0.354" /></testsuite></testsuites>