<?xml version="1.0" encoding="utf-8"?><testsuites name="pytest tests"><testsuite name="pytest" errors="0" failures="1" skipped="0" tests="17" time="1.251" timestamp="2026-01-30T19:52:14.750102+00:00" hostname="agent-env-9ae53b97-195f-4fdb-8a9d-425da21084b3"><testcase classname="backend.tests.test_auto_apply_features.TestAutoApplyStatus" name="test_status_endpoint_returns_200" time="0.421" /><testcase classname="backend.tests.test_auto_apply_features.TestAutoApplyStatus" name="test_status_contains_today_count" time="0.047" /><testcase classname="backend.tests.test_auto_apply_features.TestAutoApplyStatus" name="test_status_contains_total_submitted" time="0.044" /><testcase classname="backend.tests.test_auto_apply_features.TestAutoApplyStatus" name="test_status_contains_total_failed" time="0.044" /><testcase classname="backend.tests.test_auto_apply_features.TestAutoApplyStatus" name="test_status_contains_success_rate" time="0.044" /><testcase classname="backend.tests.test_auto_apply_features.TestAutoApplySettings" name="test_settings_endpoint_returns_200" time="0.043" /><testcase classname="backend.tests.test_auto_apply_features.TestAutoApplySettings" name="test_settings_contains_max_applications" time="0.043" /><testcase classname="backend.tests.test_auto_apply_features.TestAutoApplySettings" name="test_update_max_applications_to_25" time="0.042"><failure message="assert 405 == 200&#10; +  where 405 = &lt;Response [405]&gt;.status_code">backend/tests/test_auto_apply_features.py:122: in test_update_max_applications_to_25
    assert response.status_code == 200
E   assert 405 == 200
E    +  where 405 = &lt;Response [405]&gt;.status_code</failure></testcase><testcase classname="backend.tests.test_auto_apply_features.TestAutoApplyHistory" name="test_history_endpoint_returns_200" time="0.050" /><testcase classname="backend.tests.test_auto_apply_features.TestAutoApplyHistory" name="test_history_returns_list" time="0.060" /><testcase classname="backend.tests.test_auto_apply_features.TestAutoApplyHistory" name="test_history_items_have_required_fields" time="0.048" /><testcase classname="backend.tests.test_auto_apply_features.TestAutoApplyHistory" name="test_history_items_have_submitted_by_field" time="0.054" /><testcase classname="backend.tests.test_auto_apply_features.TestResumes" name="test_resumes_endpoint_returns_200" time="0.043" /><testcase classname="backend.tests.test_auto_apply_features.TestResumes" name="test_resumes_returns_list" time="0.046" /><testcase classname="backend.tests.test_auto_apply_features.TestResumes" name="test_resume_items_have_required_fields" time="0.040" /><testcase classname="backend.tests.test_auto_apply_features.TestApplications" name="test_applications_endpoint_returns_200" time="0.043" /><testcase classname="backend.tests.test_auto_apply_features.TestApplications" name="test_applications_returns_list" time="0.048" /></testsuite></testsuites>