<?xml version="1.0" encoding="utf-8"?><testsuites name="pytest tests"><testsuite name="pytest" errors="0" failures="2" skipped="0" tests="17" time="2.434" timestamp="2026-01-20T21:49:23.349077+00:00" hostname="agent-env-2e0493da-683b-45ff-a29a-1a13c62abe46"><testcase classname="tests.test_auto_apply_features.TestHealthCheck" name="test_api_health" time="0.072" /><testcase classname="tests.test_auto_apply_features.TestSetPrimaryResume" name="test_set_primary_requires_auth" time="0.040" /><testcase classname="tests.test_auto_apply_features.TestSetPrimaryResume" name="test_set_primary_nonexistent_resume" time="0.253" /><testcase classname="tests.test_auto_apply_features.TestSetPrimaryResume" name="test_get_resumes_list" time="0.013" /><testcase classname="tests.test_auto_apply_features.TestSetPrimaryResume" name="test_set_primary_existing_resume" time="0.082" /><testcase classname="tests.test_auto_apply_features.TestProfileTaxTypes" name="test_update_profile_with_tax_types" time="0.299" /><testcase classname="tests.test_auto_apply_features.TestProfileTaxTypes" name="test_update_profile_with_single_tax_type" time="0.029" /><testcase classname="tests.test_auto_apply_features.TestProfileTaxTypes" name="test_update_profile_with_empty_tax_types" time="0.073" /><testcase classname="tests.test_auto_apply_features.TestAutoApplySettings" name="test_get_auto_apply_settings" time="0.312" /><testcase classname="tests.test_auto_apply_features.TestAutoApplySettings" name="test_update_auto_apply_settings_basic" time="0.053" /><testcase classname="tests.test_auto_apply_features.TestAutoApplySettings" name="test_update_auto_apply_settings_with_resume" time="0.022" /><testcase classname="tests.test_auto_apply_features.TestAutoApplySettings" name="test_update_auto_apply_settings_verify_persistence" time="0.067" /><testcase classname="tests.test_auto_apply_features.TestAutoApplyRun" name="test_run_auto_apply_requires_auth" time="0.038" /><testcase classname="tests.test_auto_apply_features.TestAutoApplyRun" name="test_run_auto_apply_requires_settings" time="0.301" /><testcase classname="tests.test_auto_apply_features.TestAutoApplyRun" name="test_run_auto_apply_with_valid_settings" time="0.127" /><testcase classname="tests.test_auto_apply_features.TestAutoApplyHistory" name="test_get_auto_apply_history" time="0.275"><failure message="AssertionError: assert False&#10; +  where False = isinstance({'history': [{'application_id': 'auto_a4696f864d68', 'applied_at': '2026-01-20T21:45:23.450979+00:00', 'apply_link': 'https://www.dice.com/jobs?q=Python', 'ats_optimized': False, ...}, {'application_id': 'auto_85e8ea129def', 'applied_at': '2026-01-20T21:45:23.450564+00:00', 'apply_link': 'https://www.dice.com/jobs?q=Python', 'ats_optimized': False, ...}, {'application_id': 'auto_c7ec937f676c', 'applied_at': '2026-01-20T21:45:23.450137+00:00', 'apply_link': 'https://www.dice.com/jobs?q=Python', 'ats_optimized': False, ...}, {'application_id': 'auto_d3d01d099aa6', 'applied_at': '2026-01-20T21:45:23.449580+00:00', 'apply_link': 'https://www.dice.com/jobs?q=Python', 'ats_optimized': False, ...}, {'application_id': 'auto_ba658d49f4f5', 'applied_at': '2026-01-20T21:45:23.443023+00:00', 'apply_link': 'https://remoteOK.com/remote-jobs/remote-staff-software-engineer-cloud-infrastructure-tenstorrent-1129615', 'ats_optimized': False, ...}], 'total': 5}, list)">tests/test_auto_apply_features.py:357: in test_get_auto_apply_history
    assert isinstance(data, list)
E   AssertionError: assert False
E    +  where False = isinstance({'history': [{'application_id': 'auto_a4696f864d68', 'applied_at': '2026-01-20T21:45:23.450979+00:00', 'apply_link': 'https://www.dice.com/jobs?q=Python', 'ats_optimized': False, ...}, {'application_id': 'auto_85e8ea129def', 'applied_at': '2026-01-20T21:45:23.450564+00:00', 'apply_link': 'https://www.dice.com/jobs?q=Python', 'ats_optimized': False, ...}, {'application_id': 'auto_c7ec937f676c', 'applied_at': '2026-01-20T21:45:23.450137+00:00', 'apply_link': 'https://www.dice.com/jobs?q=Python', 'ats_optimized': False, ...}, {'application_id': 'auto_d3d01d099aa6', 'applied_at': '2026-01-20T21:45:23.449580+00:00', 'apply_link': 'https://www.dice.com/jobs?q=Python', 'ats_optimized': False, ...}, {'application_id': 'auto_ba658d49f4f5', 'applied_at': '2026-01-20T21:45:23.443023+00:00', 'apply_link': 'https://remoteOK.com/remote-jobs/remote-staff-software-engineer-cloud-infrastructure-tenstorrent-1129615', 'ats_optimized': False, ...}], 'total': 5}, list)</failure></testcase><testcase classname="tests.test_auto_apply_features.TestJobScraper" name="test_search_jobs" time="0.268"><failure message="assert 404 == 200&#10; +  where 404 = &lt;Response [404]&gt;.status_code">tests/test_auto_apply_features.py:377: in test_search_jobs
    assert response.status_code == 200
E   assert 404 == 200
E    +  where 404 = &lt;Response [404]&gt;.status_code</failure></testcase></testsuite></testsuites>