<?xml version="1.0" encoding="utf-8"?><testsuites name="pytest tests"><testsuite name="pytest" errors="0" failures="0" skipped="0" tests="7" time="2.579" timestamp="2026-02-02T19:50:14.683002+00:00" hostname="agent-env-aad54d44-6fa5-47b1-acd5-bd16ab644369"><testcase classname="backend.tests.test_default_resume_dropdown.TestDefaultResumeDropdown" name="test_01_get_resumes_returns_master_and_variants" time="0.338" /><testcase classname="backend.tests.test_default_resume_dropdown.TestDefaultResumeDropdown" name="test_02_save_settings_with_original_resume_id" time="0.342" /><testcase classname="backend.tests.test_default_resume_dropdown.TestDefaultResumeDropdown" name="test_03_save_settings_with_master_suffix" time="0.382" /><testcase classname="backend.tests.test_default_resume_dropdown.TestDefaultResumeDropdown" name="test_04_save_settings_with_variant_suffix" time="0.435" /><testcase classname="backend.tests.test_default_resume_dropdown.TestDefaultResumeDropdown" name="test_05_auto_apply_run_with_master_resume" time="0.384" /><testcase classname="backend.tests.test_default_resume_dropdown.TestDefaultResumeDropdown" name="test_06_auto_apply_run_with_variant_resume" time="0.342" /><testcase classname="backend.tests.test_default_resume_dropdown.TestDefaultResumeDropdown" name="test_07_verify_all_dropdown_options_structure" time="0.305" /></testsuite></testsuites>