<?xml version="1.0" encoding="utf-8"?><testsuites name="pytest tests"><testsuite name="pytest" errors="0" failures="0" skipped="0" tests="23" time="2.882" timestamp="2026-01-13T23:00:40.363232+00:00" hostname="agent-env-4f556566-1abe-4eeb-9458-74f49912b0cd"><testcase classname="tests.test_email_center.TestEmailCenterAccounts" name="test_get_accounts_returns_empty_for_new_user" time="0.346" /><testcase classname="tests.test_email_center.TestEmailCenterAccounts" name="test_get_accounts_requires_auth" time="0.042" /><testcase classname="tests.test_email_center.TestEmailCenterAccounts" name="test_gmail_init_returns_imap_instructions" time="0.039" /><testcase classname="tests.test_email_center.TestEmailCenterAccounts" name="test_outlook_init_returns_imap_instructions" time="0.039" /><testcase classname="tests.test_email_center.TestEmailCenterAccounts" name="test_connect_imap_requires_all_fields" time="0.045" /><testcase classname="tests.test_email_center.TestEmailCenterAccounts" name="test_connect_imap_rejects_wrong_provider" time="0.038" /><testcase classname="tests.test_email_center.TestEmailCenterAccounts" name="test_disconnect_nonexistent_account" time="0.041" /><testcase classname="tests.test_email_center.TestEmailCenterAccounts" name="test_set_primary_nonexistent_account" time="0.039" /><testcase classname="tests.test_email_center.TestEmailCenterSettings" name="test_get_settings_returns_defaults" time="0.306" /><testcase classname="tests.test_email_center.TestEmailCenterSettings" name="test_get_settings_requires_auth" time="0.078" /><testcase classname="tests.test_email_center.TestEmailCenterSettings" name="test_update_settings_auto_compose" time="0.143" /><testcase classname="tests.test_email_center.TestEmailCenterSettings" name="test_update_settings_signature" time="0.162" /><testcase classname="tests.test_email_center.TestEmailCenterSettings" name="test_update_settings_requires_auth" time="0.040" /><testcase classname="tests.test_email_center.TestEmailCenterInbox" name="test_get_inbox_no_account" time="0.305" /><testcase classname="tests.test_email_center.TestEmailCenterInbox" name="test_get_inbox_requires_auth" time="0.037" /><testcase classname="tests.test_email_center.TestEmailCenterHistory" name="test_get_history_returns_list" time="0.300" /><testcase classname="tests.test_email_center.TestEmailCenterHistory" name="test_get_history_with_limit" time="0.041" /><testcase classname="tests.test_email_center.TestEmailCenterHistory" name="test_get_history_requires_auth" time="0.034" /><testcase classname="tests.test_email_center.TestEmailCenterSend" name="test_send_email_requires_account" time="0.296" /><testcase classname="tests.test_email_center.TestEmailCenterSend" name="test_send_email_requires_auth" time="0.052" /><testcase classname="tests.test_email_center.TestEmailCenterAICompose" name="test_ai_compose_requires_resume" time="0.301" /><testcase classname="tests.test_email_center.TestEmailCenterAICompose" name="test_ai_compose_requires_auth" time="0.037" /><testcase classname="tests.test_email_center.TestEmailCenterAIReply" name="test_ai_reply_requires_auth" time="0.037" /></testsuite></testsuites>