<?xml version="1.0" encoding="utf-8"?><testsuites name="pytest tests"><testsuite name="pytest" errors="0" failures="0" skipped="0" tests="14" time="11.765" timestamp="2026-01-22T19:53:05.357672+00:00" hostname="agent-env-50145bff-5eda-4f23-8d89-28896a6fefbd"><testcase classname="backend.tests.test_job_search_and_resume.TestJobSearchFeatures" name="test_live_jobs_search_react" time="1.051" /><testcase classname="backend.tests.test_job_search_and_resume.TestJobSearchFeatures" name="test_live_jobs_search_python" time="0.639" /><testcase classname="backend.tests.test_job_search_and_resume.TestJobSearchFeatures" name="test_live_jobs_search_java" time="0.718" /><testcase classname="backend.tests.test_job_search_and_resume.TestJobSearchFeatures" name="test_live_jobs_search_javascript" time="0.761" /><testcase classname="backend.tests.test_job_search_and_resume.TestJobSearchFeatures" name="test_live_jobs_1_search_react" time="3.817" /><testcase classname="backend.tests.test_job_search_and_resume.TestJobSearchFeatures" name="test_live_jobs_1_search_python" time="1.864" /><testcase classname="backend.tests.test_job_search_and_resume.TestJobSearchFeatures" name="test_live_jobs_recommendations" time="1.020" /><testcase classname="backend.tests.test_job_search_and_resume.TestResumeDownloadFeatures" name="test_resume_download_docx" time="0.302" /><testcase classname="backend.tests.test_job_search_and_resume.TestResumeDownloadFeatures" name="test_resume_download_pdf" time="0.285" /><testcase classname="backend.tests.test_job_search_and_resume.TestResumeDownloadFeatures" name="test_resume_generate_word" time="0.306" /><testcase classname="backend.tests.test_job_search_and_resume.TestResumeDownloadFeatures" name="test_resume_download_invalid_format" time="0.313" /><testcase classname="backend.tests.test_job_search_and_resume.TestResumeDownloadFeatures" name="test_resume_download_nonexistent" time="0.316" /><testcase classname="backend.tests.test_job_search_and_resume.TestAPIHealth" name="test_api_health" time="0.038" /><testcase classname="backend.tests.test_job_search_and_resume.TestAPIHealth" name="test_auth_login" time="0.263" /></testsuite></testsuites>