<?xml version="1.0" encoding="utf-8"?><testsuites name="pytest tests"><testsuite name="pytest" errors="0" failures="0" skipped="0" tests="11" time="0.653" timestamp="2026-01-13T22:35:38.169715+00:00" hostname="agent-env-4f556566-1abe-4eeb-9458-74f49912b0cd"><testcase classname="tests.test_otp_registration.TestOTPRegistrationFlow" name="test_01_send_otp_success" time="0.073" /><testcase classname="tests.test_otp_registration.TestOTPRegistrationFlow" name="test_02_send_otp_missing_email" time="0.044" /><testcase classname="tests.test_otp_registration.TestOTPRegistrationFlow" name="test_03_send_otp_missing_name" time="0.042" /><testcase classname="tests.test_otp_registration.TestOTPRegistrationFlow" name="test_04_verify_otp_invalid_code" time="0.054" /><testcase classname="tests.test_otp_registration.TestOTPRegistrationFlow" name="test_05_verify_otp_nonexistent_email" time="0.038" /><testcase classname="tests.test_otp_registration.TestOTPRegistrationFlow" name="test_06_resend_otp_success" time="0.054" /><testcase classname="tests.test_otp_registration.TestOTPRegistrationFlow" name="test_07_register_without_otp_verification" time="0.039" /><testcase classname="tests.test_otp_registration.TestOTPRegistrationFlow" name="test_08_register_with_wrong_otp" time="0.053" /><testcase classname="tests.test_otp_registration.TestOTPEndpointValidation" name="test_send_otp_invalid_email_format" time="0.078" /><testcase classname="tests.test_otp_registration.TestOTPEndpointValidation" name="test_verify_otp_empty_code" time="0.036" /><testcase classname="tests.test_otp_registration.TestExistingUserOTP" name="test_send_otp_existing_email" time="0.079" /></testsuite></testsuites>