<?xml version="1.0" encoding="utf-8"?><testsuites name="pytest tests"><testsuite name="pytest" errors="0" failures="0" skipped="0" tests="9" time="2.267" timestamp="2026-02-02T16:52:21.992272+00:00" hostname="agent-env-aad54d44-6fa5-47b1-acd5-bd16ab644369"><testcase classname="backend.tests.test_scheduler_frequency.TestSchedulerStatus" name="test_scheduler_status_returns_all_frequency_jobs" time="0.107" /><testcase classname="backend.tests.test_scheduler_frequency.TestSchedulerStatus" name="test_scheduler_status_returns_available_frequencies" time="0.037" /><testcase classname="backend.tests.test_scheduler_frequency.TestAutoApplySettings" name="test_get_settings_returns_schedule_frequency" time="0.309" /><testcase classname="backend.tests.test_scheduler_frequency.TestAutoApplySettings" name="test_update_schedule_frequency_to_1h" time="0.349" /><testcase classname="backend.tests.test_scheduler_frequency.TestAutoApplySettings" name="test_update_schedule_frequency_to_6h" time="0.342" /><testcase classname="backend.tests.test_scheduler_frequency.TestAutoApplySettings" name="test_update_schedule_frequency_to_12h" time="0.342" /><testcase classname="backend.tests.test_scheduler_frequency.TestAutoApplySettings" name="test_update_schedule_frequency_to_daily" time="0.340" /><testcase classname="backend.tests.test_scheduler_frequency.TestAutoApplySettings" name="test_settings_include_all_required_fields" time="0.341" /><testcase classname="backend.tests.test_scheduler_frequency.TestHealthCheck" name="test_api_health" time="0.037" /></testsuite></testsuites>